<?xml version="1.0" encoding="UTF-8"?>
<!-- Generated by org.testng.reporters.JUnitReportReporter -->
<testsuite hostname="DESKTOP-T5RPGMH" failures="0" tests="1" name="com.testng.practice.Tc_01CreateOrgBase" time="47.487" errors="0" timestamp="05 May 2022 06:14:46 GMT" skipped="0">
  <testcase classname="com.testng.practice.Tc_01CreateOrgBase" name="createorg" time="47.487"/>
</testsuite> <!-- com.testng.practice.Tc_01CreateOrgBase -->
