<?xml version="1.0" encoding="UTF-8"?>
<!-- Generated by org.testng.reporters.JUnitReportReporter -->
<testsuite hostname="DESKTOP-T5RPGMH" failures="0" tests="2" name="com.vtiger.testcases.TC01_CreateOrg" time="134.403" errors="0" timestamp="04 May 2022 09:17:26 GMT" skipped="0">
  <testcase classname="com.vtiger.testcases.TC01_CreateOrg" name="createorg" time="68.572"/>
  <testcase classname="com.vtiger.testcases.TC01_CreateOrg" name="createorg" time="65.831"/>
</testsuite> <!-- com.vtiger.testcases.TC01_CreateOrg -->
