<?xml version="1.0" encoding="UTF-8"?>
<!-- Generated by org.testng.reporters.JUnitReportReporter -->
<testsuite hostname="DESKTOP-T5RPGMH" failures="0" tests="1" name="com.testng.practice.SampleHardAssert" time="29.717" errors="0" timestamp="05 May 2022 06:09:22 GMT" skipped="0">
  <testcase classname="com.testng.practice.SampleHardAssert" name="org" time="29.717"/>
</testsuite> <!-- com.testng.practice.SampleHardAssert -->
