<?xml version="1.0" encoding="UTF-8"?>
<!-- Generated by org.testng.reporters.JUnitReportReporter -->
<testsuite hostname="DESKTOP-T5RPGMH" failures="0" tests="2" name="com.testng.practice.TC03_CreateContact_orgBase" time="146.915" errors="0" timestamp="05 May 2022 06:34:53 GMT" skipped="0">
  <testcase classname="com.testng.practice.TC03_CreateContact_orgBase" name="createcontact_org" time="74.157"/>
  <testcase classname="com.testng.practice.TC03_CreateContact_orgBase" name="createcontact_org" time="72.758"/>
</testsuite> <!-- com.testng.practice.TC03_CreateContact_orgBase -->
