<?xml version="1.0" encoding="UTF-8"?>
<!-- Generated by org.testng.reporters.JUnitReportReporter -->
<testsuite hostname="DESKTOP-T5RPGMH" failures="0" tests="2" name="com.testng.practice.Test2" time="0.021" errors="0" timestamp="04 May 2022 11:42:47 GMT" skipped="1">
  <testcase classname="com.testng.practice.Test2" name="testIOSapp" time="0.021"/>
  <testcase classname="com.testng.practice.Test2" name="testdesktopapp">
    <skipped/>
  </testcase> <!-- testdesktopapp -->
</testsuite> <!-- com.testng.practice.Test2 -->
