<?xml version="1.0" encoding="UTF-8"?>
<!-- Generated by org.testng.reporters.JUnitReportReporter -->
<testsuite hostname="DESKTOP-T5RPGMH" failures="0" tests="1" name="com.vtiger.testcases.Tc03_Createcontacttest" time="77.980" errors="0" timestamp="03 May 2022 12:20:05 GMT" skipped="0">
  <testcase classname="com.vtiger.testcases.Tc03_Createcontacttest" name="createcontact" time="77.980"/>
</testsuite> <!-- com.vtiger.testcases.Tc03_Createcontacttest -->
