<?xml version="1.0" encoding="UTF-8"?>
<!-- Generated by org.testng.reporters.JUnitReportReporter -->
<testsuite hostname="DESKTOP-T5RPGMH" failures="0" tests="2" name="com.testng.practice.Test1" time="0.012" errors="0" timestamp="04 May 2022 11:42:47 GMT" skipped="1">
  <testcase classname="com.testng.practice.Test1" name="testWebapp1" time="0.007">
    <skipped/>
  </testcase> <!-- testWebapp1 -->
  <testcase classname="com.testng.practice.Test1" name="testAndroidapp" time="0.005"/>
</testsuite> <!-- com.testng.practice.Test1 -->
