<?xml version="1.0" encoding="UTF-8"?>
<!-- Generated by org.testng.reporters.JUnitReportReporter -->
<testsuite hostname="DESKTOP-T5RPGMH" failures="0" tests="1" name="com.vtiger.testcases.Tc_02CreateNewOrg_ddBase" time="49.745" errors="0" timestamp="04 May 2022 06:26:38 GMT" skipped="0">
  <testcase classname="com.vtiger.testcases.Tc_02CreateNewOrg_ddBase" name="createorg_dd" time="49.745"/>
</testsuite> <!-- com.vtiger.testcases.Tc_02CreateNewOrg_ddBase -->
