<?xml version="1.0" encoding="UTF-8"?>
<!-- Generated by org.testng.reporters.JUnitReportReporter -->
<testsuite hostname="DESKTOP-T5RPGMH" failures="0" tests="1" name="com.testng.practice.TakingScreenshot" time="9.372" errors="0" timestamp="05 May 2022 08:04:21 GMT" skipped="0">
  <testcase classname="com.testng.practice.TakingScreenshot" name="screenshot" time="9.372"/>
</testsuite> <!-- com.testng.practice.TakingScreenshot -->
